<?xml version="1.0" encoding="UTF-8"?>
<!-- Generated by org.testng.reporters.JUnitXMLReporter -->
<testsuite hostname="Aloks-MBP.home" ignored="16" name="Test" tests="45" failures="40" timestamp="17 Mar 2019 00:33:17 GMT" time="97.508" errors="0">
  <testcase name="login" time="1.515" classname="test.LoginPage"/>
  <testcase name="login1" time="5.104" classname="test.LoginPage1"/>
  <testcase name="login2" time="14.633" classname="test.LoginPage2"/>
  <testcase name="login3" time="20.491" classname="test.LoginPage3"/>
  <testcase name="test" time="10.663" classname="test.LoginPage4">
    <failure type="org.openqa.selenium.ElementNotVisibleException" message="element not interactable
  (Session info: chrome=72.0.3626.121)
  (Driver info: chromedriver=2.45.615355 (d5698f682d8b2742017df6c81e0bd8e6a3063189),platform=Mac OS X 10.13.6 x86_64) (WARNING: The server did not provide any stacktrace information)
Command duration or timeout: 5.02 seconds
Build info: version: &amp;apos;2.53.0&amp;apos;, revision: &amp;apos;35ae25b1534ae328c771e0856c93e187490ca824&amp;apos;, time: &amp;apos;2016-03-15 10:43:46&amp;apos;
System info: host: &amp;apos;Aloks-MBP.home&amp;apos;, ip: &amp;apos;192.168.1.4&amp;apos;, os.name: &amp;apos;Mac OS X&amp;apos;, os.arch: &amp;apos;x86_64&amp;apos;, os.version: &amp;apos;10.13.6&amp;apos;, java.version: &amp;apos;1.8.0_181&amp;apos;
Driver info: org.openqa.selenium.chrome.ChromeDriver
Capabilities [{mobileEmulationEnabled=false, timeouts={implicit=0, pageLoad=300000, script=30000}, hasTouchScreen=false, platform=MAC, acceptSslCerts=false, goog:chromeOptions={debuggerAddress=localhost:60911}, acceptInsecureCerts=false, webStorageEnabled=true, browserName=chrome, takesScreenshot=true, javascriptEnabled=true, setWindowRect=true, unexpectedAlertBehaviour=ignore, applicationCacheEnabled=false, rotatable=false, networkConnectionEnabled=false, chrome={chromedriverVersion=2.45.615355 (d5698f682d8b2742017df6c81e0bd8e6a3063189), userDataDir=/var/folders/kt/m01yjs7s3kj6s7rqb9llw_m80000gn/T/.org.chromium.Chromium.2TwbDn}, takesHeapSnapshot=true, pageLoadStrategy=normal, strictFileInteractability=false, databaseEnabled=false, handlesAlerts=true, version=72.0.3626.121, browserConnectionEnabled=false, proxy={}, nativeEvents=true, locationContextEnabled=true, cssSelectorsEnabled=true}]
Session ID: 4e214d9eb70dcdbd8283ee19bf6534ec">
      <![CDATA[org.openqa.selenium.ElementNotVisibleException: element not interactable
  (Session info: chrome=72.0.3626.121)
  (Driver info: chromedriver=2.45.615355 (d5698f682d8b2742017df6c81e0bd8e6a3063189),platform=Mac OS X 10.13.6 x86_64) (WARNING: The server did not provide any stacktrace information)
Command duration or timeout: 5.02 seconds
Build info: version: '2.53.0', revision: '35ae25b1534ae328c771e0856c93e187490ca824', time: '2016-03-15 10:43:46'
System info: host: 'Aloks-MBP.home', ip: '192.168.1.4', os.name: 'Mac OS X', os.arch: 'x86_64', os.version: '10.13.6', java.version: '1.8.0_181'
Driver info: org.openqa.selenium.chrome.ChromeDriver
Capabilities [{mobileEmulationEnabled=false, timeouts={implicit=0, pageLoad=300000, script=30000}, hasTouchScreen=false, platform=MAC, acceptSslCerts=false, goog:chromeOptions={debuggerAddress=localhost:60911}, acceptInsecureCerts=false, webStorageEnabled=true, browserName=chrome, takesScreenshot=true, javascriptEnabled=true, setWindowRect=true, unexpectedAlertBehaviour=ignore, applicationCacheEnabled=false, rotatable=false, networkConnectionEnabled=false, chrome={chromedriverVersion=2.45.615355 (d5698f682d8b2742017df6c81e0bd8e6a3063189), userDataDir=/var/folders/kt/m01yjs7s3kj6s7rqb9llw_m80000gn/T/.org.chromium.Chromium.2TwbDn}, takesHeapSnapshot=true, pageLoadStrategy=normal, strictFileInteractability=false, databaseEnabled=false, handlesAlerts=true, version=72.0.3626.121, browserConnectionEnabled=false, proxy={}, nativeEvents=true, locationContextEnabled=true, cssSelectorsEnabled=true}]
Session ID: 4e214d9eb70dcdbd8283ee19bf6534ec
	at org.openqa.selenium.remote.ErrorHandler.createThrowable(ErrorHandler.java:206)
	at org.openqa.selenium.remote.ErrorHandler.throwIfResponseFailed(ErrorHandler.java:158)
	at org.openqa.selenium.remote.RemoteWebDriver.execute(RemoteWebDriver.java:678)
	at org.openqa.selenium.remote.RemoteWebElement.execute(RemoteWebElement.java:327)
	at org.openqa.selenium.remote.RemoteWebElement.click(RemoteWebElement.java:85)
	at Page.ZohoHome4.setcontact(ZohoHome4.java:30)
	at test.LoginPage4.test(LoginPage4.java:19)
... Removed 29 stack frames]]>
    </failure>
  </testcase> <!-- test -->
  <testcase name="login4" time="5.057" classname="test.LoginPage5">
    <failure type="org.openqa.selenium.NoSuchElementException" message="no such element: Unable to locate element: {&amp;quot;method&amp;quot;:&amp;quot;xpath&amp;quot;,&amp;quot;selector&amp;quot;:&amp;quot;//*[@id=&amp;apos;Crm_Contacts_LEADSOURCE&amp;apos;]&amp;quot;}
  (Session info: chrome=72.0.3626.121)
  (Driver info: chromedriver=2.45.615355 (d5698f682d8b2742017df6c81e0bd8e6a3063189),platform=Mac OS X 10.13.6 x86_64) (WARNING: The server did not provide any stacktrace information)
Command duration or timeout: 5.01 seconds
For documentation on this error, please visit: http://seleniumhq.org/exceptions/no_such_element.html
Build info: version: &amp;apos;2.53.0&amp;apos;, revision: &amp;apos;35ae25b1534ae328c771e0856c93e187490ca824&amp;apos;, time: &amp;apos;2016-03-15 10:43:46&amp;apos;
System info: host: &amp;apos;Aloks-MBP.home&amp;apos;, ip: &amp;apos;192.168.1.4&amp;apos;, os.name: &amp;apos;Mac OS X&amp;apos;, os.arch: &amp;apos;x86_64&amp;apos;, os.version: &amp;apos;10.13.6&amp;apos;, java.version: &amp;apos;1.8.0_181&amp;apos;
Driver info: org.openqa.selenium.chrome.ChromeDriver
Capabilities [{mobileEmulationEnabled=false, timeouts={implicit=0, pageLoad=300000, script=30000}, hasTouchScreen=false, platform=MAC, acceptSslCerts=false, goog:chromeOptions={debuggerAddress=localhost:60911}, acceptInsecureCerts=false, webStorageEnabled=true, browserName=chrome, takesScreenshot=true, javascriptEnabled=true, setWindowRect=true, unexpectedAlertBehaviour=ignore, applicationCacheEnabled=false, rotatable=false, networkConnectionEnabled=false, chrome={chromedriverVersion=2.45.615355 (d5698f682d8b2742017df6c81e0bd8e6a3063189), userDataDir=/var/folders/kt/m01yjs7s3kj6s7rqb9llw_m80000gn/T/.org.chromium.Chromium.2TwbDn}, takesHeapSnapshot=true, pageLoadStrategy=normal, strictFileInteractability=false, databaseEnabled=false, handlesAlerts=true, version=72.0.3626.121, browserConnectionEnabled=false, proxy={}, nativeEvents=true, locationContextEnabled=true, cssSelectorsEnabled=true}]
Session ID: 4e214d9eb70dcdbd8283ee19bf6534ec
*** Element info: {Using=xpath, value=//*[@id=&amp;apos;Crm_Contacts_LEADSOURCE&amp;apos;]}">
      <![CDATA[org.openqa.selenium.NoSuchElementException: no such element: Unable to locate element: {"method":"xpath","selector":"//*[@id='Crm_Contacts_LEADSOURCE']"}
  (Session info: chrome=72.0.3626.121)
  (Driver info: chromedriver=2.45.615355 (d5698f682d8b2742017df6c81e0bd8e6a3063189),platform=Mac OS X 10.13.6 x86_64) (WARNING: The server did not provide any stacktrace information)
Command duration or timeout: 5.01 seconds
For documentation on this error, please visit: http://seleniumhq.org/exceptions/no_such_element.html
Build info: version: '2.53.0', revision: '35ae25b1534ae328c771e0856c93e187490ca824', time: '2016-03-15 10:43:46'
System info: host: 'Aloks-MBP.home', ip: '192.168.1.4', os.name: 'Mac OS X', os.arch: 'x86_64', os.version: '10.13.6', java.version: '1.8.0_181'
Driver info: org.openqa.selenium.chrome.ChromeDriver
Capabilities [{mobileEmulationEnabled=false, timeouts={implicit=0, pageLoad=300000, script=30000}, hasTouchScreen=false, platform=MAC, acceptSslCerts=false, goog:chromeOptions={debuggerAddress=localhost:60911}, acceptInsecureCerts=false, webStorageEnabled=true, browserName=chrome, takesScreenshot=true, javascriptEnabled=true, setWindowRect=true, unexpectedAlertBehaviour=ignore, applicationCacheEnabled=false, rotatable=false, networkConnectionEnabled=false, chrome={chromedriverVersion=2.45.615355 (d5698f682d8b2742017df6c81e0bd8e6a3063189), userDataDir=/var/folders/kt/m01yjs7s3kj6s7rqb9llw_m80000gn/T/.org.chromium.Chromium.2TwbDn}, takesHeapSnapshot=true, pageLoadStrategy=normal, strictFileInteractability=false, databaseEnabled=false, handlesAlerts=true, version=72.0.3626.121, browserConnectionEnabled=false, proxy={}, nativeEvents=true, locationContextEnabled=true, cssSelectorsEnabled=true}]
Session ID: 4e214d9eb70dcdbd8283ee19bf6534ec
*** Element info: {Using=xpath, value=//*[@id='Crm_Contacts_LEADSOURCE']}
	at org.openqa.selenium.remote.ErrorHandler.createThrowable(ErrorHandler.java:206)
	at org.openqa.selenium.remote.ErrorHandler.throwIfResponseFailed(ErrorHandler.java:158)
	at org.openqa.selenium.remote.RemoteWebDriver.execute(RemoteWebDriver.java:678)
	at org.openqa.selenium.remote.RemoteWebDriver.findElement(RemoteWebDriver.java:363)
	at org.openqa.selenium.remote.RemoteWebDriver.findElementByXPath(RemoteWebDriver.java:500)
	at org.openqa.selenium.By$ByXPath.findElement(By.java:361)
	at org.openqa.selenium.remote.RemoteWebDriver.findElement(RemoteWebDriver.java:355)
	at model.PageModel5.getsource(PageModel5.java:16)
	at Page.ZohoHome5.setsource(ZohoHome5.java:20)
	at test.LoginPage5.login4(LoginPage5.java:19)
... Removed 29 stack frames]]>
    </failure>
  </testcase> <!-- login4 -->
  <testcase name="testaccount" time="10.669" classname="test.LoginPage6">
    <failure type="org.openqa.selenium.ElementNotVisibleException" message="element not interactable
  (Session info: chrome=72.0.3626.121)
  (Driver info: chromedriver=2.45.615355 (d5698f682d8b2742017df6c81e0bd8e6a3063189),platform=Mac OS X 10.13.6 x86_64) (WARNING: The server did not provide any stacktrace information)
Command duration or timeout: 5.03 seconds
Build info: version: &amp;apos;2.53.0&amp;apos;, revision: &amp;apos;35ae25b1534ae328c771e0856c93e187490ca824&amp;apos;, time: &amp;apos;2016-03-15 10:43:46&amp;apos;
System info: host: &amp;apos;Aloks-MBP.home&amp;apos;, ip: &amp;apos;192.168.1.4&amp;apos;, os.name: &amp;apos;Mac OS X&amp;apos;, os.arch: &amp;apos;x86_64&amp;apos;, os.version: &amp;apos;10.13.6&amp;apos;, java.version: &amp;apos;1.8.0_181&amp;apos;
Driver info: org.openqa.selenium.chrome.ChromeDriver
Capabilities [{mobileEmulationEnabled=false, timeouts={implicit=0, pageLoad=300000, script=30000}, hasTouchScreen=false, platform=MAC, acceptSslCerts=false, goog:chromeOptions={debuggerAddress=localhost:60911}, acceptInsecureCerts=false, webStorageEnabled=true, browserName=chrome, takesScreenshot=true, javascriptEnabled=true, setWindowRect=true, unexpectedAlertBehaviour=ignore, applicationCacheEnabled=false, rotatable=false, networkConnectionEnabled=false, chrome={chromedriverVersion=2.45.615355 (d5698f682d8b2742017df6c81e0bd8e6a3063189), userDataDir=/var/folders/kt/m01yjs7s3kj6s7rqb9llw_m80000gn/T/.org.chromium.Chromium.2TwbDn}, takesHeapSnapshot=true, pageLoadStrategy=normal, strictFileInteractability=false, databaseEnabled=false, handlesAlerts=true, version=72.0.3626.121, browserConnectionEnabled=false, proxy={}, nativeEvents=true, locationContextEnabled=true, cssSelectorsEnabled=true}]
Session ID: 4e214d9eb70dcdbd8283ee19bf6534ec">
      <![CDATA[org.openqa.selenium.ElementNotVisibleException: element not interactable
  (Session info: chrome=72.0.3626.121)
  (Driver info: chromedriver=2.45.615355 (d5698f682d8b2742017df6c81e0bd8e6a3063189),platform=Mac OS X 10.13.6 x86_64) (WARNING: The server did not provide any stacktrace information)
Command duration or timeout: 5.03 seconds
Build info: version: '2.53.0', revision: '35ae25b1534ae328c771e0856c93e187490ca824', time: '2016-03-15 10:43:46'
System info: host: 'Aloks-MBP.home', ip: '192.168.1.4', os.name: 'Mac OS X', os.arch: 'x86_64', os.version: '10.13.6', java.version: '1.8.0_181'
Driver info: org.openqa.selenium.chrome.ChromeDriver
Capabilities [{mobileEmulationEnabled=false, timeouts={implicit=0, pageLoad=300000, script=30000}, hasTouchScreen=false, platform=MAC, acceptSslCerts=false, goog:chromeOptions={debuggerAddress=localhost:60911}, acceptInsecureCerts=false, webStorageEnabled=true, browserName=chrome, takesScreenshot=true, javascriptEnabled=true, setWindowRect=true, unexpectedAlertBehaviour=ignore, applicationCacheEnabled=false, rotatable=false, networkConnectionEnabled=false, chrome={chromedriverVersion=2.45.615355 (d5698f682d8b2742017df6c81e0bd8e6a3063189), userDataDir=/var/folders/kt/m01yjs7s3kj6s7rqb9llw_m80000gn/T/.org.chromium.Chromium.2TwbDn}, takesHeapSnapshot=true, pageLoadStrategy=normal, strictFileInteractability=false, databaseEnabled=false, handlesAlerts=true, version=72.0.3626.121, browserConnectionEnabled=false, proxy={}, nativeEvents=true, locationContextEnabled=true, cssSelectorsEnabled=true}]
Session ID: 4e214d9eb70dcdbd8283ee19bf6534ec
	at org.openqa.selenium.remote.ErrorHandler.createThrowable(ErrorHandler.java:206)
	at org.openqa.selenium.remote.ErrorHandler.throwIfResponseFailed(ErrorHandler.java:158)
	at org.openqa.selenium.remote.RemoteWebDriver.execute(RemoteWebDriver.java:678)
	at org.openqa.selenium.remote.RemoteWebElement.execute(RemoteWebElement.java:327)
	at org.openqa.selenium.remote.RemoteWebElement.click(RemoteWebElement.java:85)
	at Page.ZohoHome6.setaccount(ZohoHome6.java:30)
	at test.LoginPage6.testaccount(LoginPage6.java:18)
... Removed 29 stack frames]]>
    </failure>
  </testcase> <!-- testaccount -->
  <testcase name="testaccount" time="5.18" classname="test.LoginPage7">
    <failure type="org.openqa.selenium.NoSuchElementException" message="no such element: Unable to locate element: {&amp;quot;method&amp;quot;:&amp;quot;xpath&amp;quot;,&amp;quot;selector&amp;quot;:&amp;quot;//input[@id=&amp;apos;Crm_Accounts_ACCOUNTNAME&amp;apos;]&amp;quot;}
  (Session info: chrome=72.0.3626.121)
  (Driver info: chromedriver=2.45.615355 (d5698f682d8b2742017df6c81e0bd8e6a3063189),platform=Mac OS X 10.13.6 x86_64) (WARNING: The server did not provide any stacktrace information)
Command duration or timeout: 5.04 seconds
For documentation on this error, please visit: http://seleniumhq.org/exceptions/no_such_element.html
Build info: version: &amp;apos;2.53.0&amp;apos;, revision: &amp;apos;35ae25b1534ae328c771e0856c93e187490ca824&amp;apos;, time: &amp;apos;2016-03-15 10:43:46&amp;apos;
System info: host: &amp;apos;Aloks-MBP.home&amp;apos;, ip: &amp;apos;192.168.1.4&amp;apos;, os.name: &amp;apos;Mac OS X&amp;apos;, os.arch: &amp;apos;x86_64&amp;apos;, os.version: &amp;apos;10.13.6&amp;apos;, java.version: &amp;apos;1.8.0_181&amp;apos;
Driver info: org.openqa.selenium.chrome.ChromeDriver
Capabilities [{mobileEmulationEnabled=false, timeouts={implicit=0, pageLoad=300000, script=30000}, hasTouchScreen=false, platform=MAC, acceptSslCerts=false, goog:chromeOptions={debuggerAddress=localhost:60911}, acceptInsecureCerts=false, webStorageEnabled=true, browserName=chrome, takesScreenshot=true, javascriptEnabled=true, setWindowRect=true, unexpectedAlertBehaviour=ignore, applicationCacheEnabled=false, rotatable=false, networkConnectionEnabled=false, chrome={chromedriverVersion=2.45.615355 (d5698f682d8b2742017df6c81e0bd8e6a3063189), userDataDir=/var/folders/kt/m01yjs7s3kj6s7rqb9llw_m80000gn/T/.org.chromium.Chromium.2TwbDn}, takesHeapSnapshot=true, pageLoadStrategy=normal, strictFileInteractability=false, databaseEnabled=false, handlesAlerts=true, version=72.0.3626.121, browserConnectionEnabled=false, proxy={}, nativeEvents=true, locationContextEnabled=true, cssSelectorsEnabled=true}]
Session ID: 4e214d9eb70dcdbd8283ee19bf6534ec
*** Element info: {Using=xpath, value=//input[@id=&amp;apos;Crm_Accounts_ACCOUNTNAME&amp;apos;]}">
      <![CDATA[org.openqa.selenium.NoSuchElementException: no such element: Unable to locate element: {"method":"xpath","selector":"//input[@id='Crm_Accounts_ACCOUNTNAME']"}
  (Session info: chrome=72.0.3626.121)
  (Driver info: chromedriver=2.45.615355 (d5698f682d8b2742017df6c81e0bd8e6a3063189),platform=Mac OS X 10.13.6 x86_64) (WARNING: The server did not provide any stacktrace information)
Command duration or timeout: 5.04 seconds
For documentation on this error, please visit: http://seleniumhq.org/exceptions/no_such_element.html
Build info: version: '2.53.0', revision: '35ae25b1534ae328c771e0856c93e187490ca824', time: '2016-03-15 10:43:46'
System info: host: 'Aloks-MBP.home', ip: '192.168.1.4', os.name: 'Mac OS X', os.arch: 'x86_64', os.version: '10.13.6', java.version: '1.8.0_181'
Driver info: org.openqa.selenium.chrome.ChromeDriver
Capabilities [{mobileEmulationEnabled=false, timeouts={implicit=0, pageLoad=300000, script=30000}, hasTouchScreen=false, platform=MAC, acceptSslCerts=false, goog:chromeOptions={debuggerAddress=localhost:60911}, acceptInsecureCerts=false, webStorageEnabled=true, browserName=chrome, takesScreenshot=true, javascriptEnabled=true, setWindowRect=true, unexpectedAlertBehaviour=ignore, applicationCacheEnabled=false, rotatable=false, networkConnectionEnabled=false, chrome={chromedriverVersion=2.45.615355 (d5698f682d8b2742017df6c81e0bd8e6a3063189), userDataDir=/var/folders/kt/m01yjs7s3kj6s7rqb9llw_m80000gn/T/.org.chromium.Chromium.2TwbDn}, takesHeapSnapshot=true, pageLoadStrategy=normal, strictFileInteractability=false, databaseEnabled=false, handlesAlerts=true, version=72.0.3626.121, browserConnectionEnabled=false, proxy={}, nativeEvents=true, locationContextEnabled=true, cssSelectorsEnabled=true}]
Session ID: 4e214d9eb70dcdbd8283ee19bf6534ec
*** Element info: {Using=xpath, value=//input[@id='Crm_Accounts_ACCOUNTNAME']}
	at org.openqa.selenium.remote.ErrorHandler.createThrowable(ErrorHandler.java:206)
	at org.openqa.selenium.remote.ErrorHandler.throwIfResponseFailed(ErrorHandler.java:158)
	at org.openqa.selenium.remote.RemoteWebDriver.execute(RemoteWebDriver.java:678)
	at org.openqa.selenium.remote.RemoteWebDriver.findElement(RemoteWebDriver.java:363)
	at org.openqa.selenium.remote.RemoteWebDriver.findElementByXPath(RemoteWebDriver.java:500)
	at org.openqa.selenium.By$ByXPath.findElement(By.java:361)
	at org.openqa.selenium.remote.RemoteWebDriver.findElement(RemoteWebDriver.java:355)
	at model.PageModel7.getaccount(PageModel7.java:16)
	at Page.ZohoHome7.setaccount(ZohoHome7.java:25)
	at test.LoginPage7.testaccount(LoginPage7.java:20)
... Removed 29 stack frames]]>
    </failure>
  </testcase> <!-- testaccount -->
  <testcase name="varifytest" time="22.237" classname="test.LoginPage8"/>
  <testcase name="login" time="0.003" classname="test.LoginPage">
    <failure type="java.lang.NullPointerException">
      <![CDATA[java.lang.NullPointerException
	at org.openqa.selenium.interactions.Actions.<init>(Actions.java:44)
	at model.PageModel.getlogin(PageModel.java:16)
	at Page.ZohoHome.setlogin(ZohoHome.java:17)
	at test.LoginPage.login(LoginPage.java:19)
... Removed 25 stack frames]]>
    </failure>
  </testcase> <!-- login -->
  <testcase name="login" time="0.001" classname="test.LoginPage">
    <failure type="java.lang.NullPointerException">
      <![CDATA[java.lang.NullPointerException
	at org.openqa.selenium.interactions.Actions.<init>(Actions.java:44)
	at model.PageModel.getlogin(PageModel.java:16)
	at Page.ZohoHome.setlogin(ZohoHome.java:17)
	at test.LoginPage.login(LoginPage.java:19)
... Removed 25 stack frames]]>
    </failure>
  </testcase> <!-- login -->
  <testcase name="login1" time="0.002" classname="test.LoginPage1">
    <failure type="java.lang.NullPointerException">
      <![CDATA[java.lang.NullPointerException
	at model.PageModel1.getemail(PageModel1.java:14)
	at Page.ZohoHome1.setemail(ZohoHome1.java:15)
	at test.LoginPage1.login1(LoginPage1.java:23)
... Removed 25 stack frames]]>
    </failure>
  </testcase> <!-- login1 -->
  <testcase name="login2" time="0.002" classname="test.LoginPage2">
    <failure type="java.lang.NullPointerException">
      <![CDATA[java.lang.NullPointerException
	at model.PageModel2.getcrm(PageModel2.java:25)
	at Page.ZohoHome2.setcrm(ZohoHome2.java:24)
	at test.LoginPage2.login2(LoginPage2.java:19)
... Removed 25 stack frames]]>
    </failure>
  </testcase> <!-- login2 -->
  <testcase name="login3" time="0.001" classname="test.LoginPage3">
    <failure type="java.lang.NullPointerException">
      <![CDATA[java.lang.NullPointerException
	at model.PageModel3.getcompany(PageModel3.java:23)
	at Page.ZohoHome3.setcompany(ZohoHome3.java:28)
	at test.LoginPage3.login3(LoginPage3.java:22)
... Removed 25 stack frames]]>
    </failure>
  </testcase> <!-- login3 -->
  <testcase name="test" time="0.001" classname="test.LoginPage4">
    <failure type="java.lang.NullPointerException">
      <![CDATA[java.lang.NullPointerException
	at model.PageModel4.getnew(PageModel4.java:28)
	at Page.ZohoHome4.setnew(ZohoHome4.java:25)
	at test.LoginPage4.test(LoginPage4.java:18)
... Removed 25 stack frames]]>
    </failure>
  </testcase> <!-- test -->
  <testcase name="login4" time="0.003" classname="test.LoginPage5">
    <failure type="java.lang.NullPointerException">
      <![CDATA[java.lang.NullPointerException
	at model.PageModel5.getsource(PageModel5.java:16)
	at Page.ZohoHome5.setsource(ZohoHome5.java:20)
	at test.LoginPage5.login4(LoginPage5.java:19)
... Removed 25 stack frames]]>
    </failure>
  </testcase> <!-- login4 -->
  <testcase name="testaccount" time="0.002" classname="test.LoginPage6">
    <failure type="java.lang.NullPointerException">
      <![CDATA[java.lang.NullPointerException
	at model.PageModel6.getnew(PageModel6.java:28)
	at Page.ZohoHome6.setnew(ZohoHome6.java:25)
	at test.LoginPage6.testaccount(LoginPage6.java:17)
... Removed 25 stack frames]]>
    </failure>
  </testcase> <!-- testaccount -->
  <testcase name="testaccount" time="0.002" classname="test.LoginPage7">
    <failure type="java.lang.NullPointerException">
      <![CDATA[java.lang.NullPointerException
	at model.PageModel7.getaccount(PageModel7.java:16)
	at Page.ZohoHome7.setaccount(ZohoHome7.java:25)
	at test.LoginPage7.testaccount(LoginPage7.java:20)
... Removed 25 stack frames]]>
    </failure>
  </testcase> <!-- testaccount -->
  <testcase name="login" time="0.002" classname="test.LoginPage">
    <failure type="java.lang.NullPointerException">
      <![CDATA[java.lang.NullPointerException
	at org.openqa.selenium.interactions.Actions.<init>(Actions.java:44)
	at model.PageModel.getlogin(PageModel.java:16)
	at Page.ZohoHome.setlogin(ZohoHome.java:17)
	at test.LoginPage.login(LoginPage.java:19)
... Removed 25 stack frames]]>
    </failure>
  </testcase> <!-- login -->
  <testcase name="login1" time="0.002" classname="test.LoginPage1">
    <failure type="java.lang.NullPointerException">
      <![CDATA[java.lang.NullPointerException
	at model.PageModel1.getemail(PageModel1.java:14)
	at Page.ZohoHome1.setemail(ZohoHome1.java:15)
	at test.LoginPage1.login1(LoginPage1.java:23)
... Removed 25 stack frames]]>
    </failure>
  </testcase> <!-- login1 -->
  <testcase name="login2" time="0.004" classname="test.LoginPage2">
    <failure type="java.lang.NullPointerException">
      <![CDATA[java.lang.NullPointerException
	at model.PageModel2.getcrm(PageModel2.java:25)
	at Page.ZohoHome2.setcrm(ZohoHome2.java:24)
	at test.LoginPage2.login2(LoginPage2.java:19)
... Removed 25 stack frames]]>
    </failure>
  </testcase> <!-- login2 -->
  <testcase name="login3" time="0.003" classname="test.LoginPage3">
    <failure type="java.lang.NullPointerException">
      <![CDATA[java.lang.NullPointerException
	at model.PageModel3.getcompany(PageModel3.java:23)
	at Page.ZohoHome3.setcompany(ZohoHome3.java:28)
	at test.LoginPage3.login3(LoginPage3.java:22)
... Removed 25 stack frames]]>
    </failure>
  </testcase> <!-- login3 -->
  <testcase name="test" time="0.001" classname="test.LoginPage4">
    <failure type="java.lang.NullPointerException">
      <![CDATA[java.lang.NullPointerException
	at model.PageModel4.getnew(PageModel4.java:28)
	at Page.ZohoHome4.setnew(ZohoHome4.java:25)
	at test.LoginPage4.test(LoginPage4.java:18)
... Removed 25 stack frames]]>
    </failure>
  </testcase> <!-- test -->
  <testcase name="login4" time="0.001" classname="test.LoginPage5">
    <failure type="java.lang.NullPointerException">
      <![CDATA[java.lang.NullPointerException
	at model.PageModel5.getsource(PageModel5.java:16)
	at Page.ZohoHome5.setsource(ZohoHome5.java:20)
	at test.LoginPage5.login4(LoginPage5.java:19)
... Removed 25 stack frames]]>
    </failure>
  </testcase> <!-- login4 -->
  <testcase name="testaccount" time="0.001" classname="test.LoginPage6">
    <failure type="java.lang.NullPointerException">
      <![CDATA[java.lang.NullPointerException
	at model.PageModel6.getnew(PageModel6.java:28)
	at Page.ZohoHome6.setnew(ZohoHome6.java:25)
	at test.LoginPage6.testaccount(LoginPage6.java:17)
... Removed 25 stack frames]]>
    </failure>
  </testcase> <!-- testaccount -->
  <testcase name="login" time="0.001" classname="test.LoginPage">
    <failure type="java.lang.NullPointerException">
      <![CDATA[java.lang.NullPointerException
	at org.openqa.selenium.interactions.Actions.<init>(Actions.java:44)
	at model.PageModel.getlogin(PageModel.java:16)
	at Page.ZohoHome.setlogin(ZohoHome.java:17)
	at test.LoginPage.login(LoginPage.java:19)
... Removed 25 stack frames]]>
    </failure>
  </testcase> <!-- login -->
  <testcase name="login1" time="0.002" classname="test.LoginPage1">
    <failure type="java.lang.NullPointerException">
      <![CDATA[java.lang.NullPointerException
	at model.PageModel1.getemail(PageModel1.java:14)
	at Page.ZohoHome1.setemail(ZohoHome1.java:15)
	at test.LoginPage1.login1(LoginPage1.java:23)
... Removed 25 stack frames]]>
    </failure>
  </testcase> <!-- login1 -->
  <testcase name="login2" time="0.002" classname="test.LoginPage2">
    <failure type="java.lang.NullPointerException">
      <![CDATA[java.lang.NullPointerException
	at model.PageModel2.getcrm(PageModel2.java:25)
	at Page.ZohoHome2.setcrm(ZohoHome2.java:24)
	at test.LoginPage2.login2(LoginPage2.java:19)
... Removed 25 stack frames]]>
    </failure>
  </testcase> <!-- login2 -->
  <testcase name="login3" time="0.002" classname="test.LoginPage3">
    <failure type="java.lang.NullPointerException">
      <![CDATA[java.lang.NullPointerException
	at model.PageModel3.getcompany(PageModel3.java:23)
	at Page.ZohoHome3.setcompany(ZohoHome3.java:28)
	at test.LoginPage3.login3(LoginPage3.java:22)
... Removed 25 stack frames]]>
    </failure>
  </testcase> <!-- login3 -->
  <testcase name="test" time="0.002" classname="test.LoginPage4">
    <failure type="java.lang.NullPointerException">
      <![CDATA[java.lang.NullPointerException
	at model.PageModel4.getnew(PageModel4.java:28)
	at Page.ZohoHome4.setnew(ZohoHome4.java:25)
	at test.LoginPage4.test(LoginPage4.java:18)
... Removed 25 stack frames]]>
    </failure>
  </testcase> <!-- test -->
  <testcase name="login4" time="0.001" classname="test.LoginPage5">
    <failure type="java.lang.NullPointerException">
      <![CDATA[java.lang.NullPointerException
	at model.PageModel5.getsource(PageModel5.java:16)
	at Page.ZohoHome5.setsource(ZohoHome5.java:20)
	at test.LoginPage5.login4(LoginPage5.java:19)
... Removed 25 stack frames]]>
    </failure>
  </testcase> <!-- login4 -->
  <testcase name="login" time="0.002" classname="test.LoginPage">
    <failure type="java.lang.NullPointerException">
      <![CDATA[java.lang.NullPointerException
	at org.openqa.selenium.interactions.Actions.<init>(Actions.java:44)
	at model.PageModel.getlogin(PageModel.java:16)
	at Page.ZohoHome.setlogin(ZohoHome.java:17)
	at test.LoginPage.login(LoginPage.java:19)
... Removed 25 stack frames]]>
    </failure>
  </testcase> <!-- login -->
  <testcase name="login1" time="0.001" classname="test.LoginPage1">
    <failure type="java.lang.NullPointerException">
      <![CDATA[java.lang.NullPointerException
	at model.PageModel1.getemail(PageModel1.java:14)
	at Page.ZohoHome1.setemail(ZohoHome1.java:15)
	at test.LoginPage1.login1(LoginPage1.java:23)
... Removed 25 stack frames]]>
    </failure>
  </testcase> <!-- login1 -->
  <testcase name="login2" time="0.001" classname="test.LoginPage2">
    <failure type="java.lang.NullPointerException">
      <![CDATA[java.lang.NullPointerException
	at model.PageModel2.getcrm(PageModel2.java:25)
	at Page.ZohoHome2.setcrm(ZohoHome2.java:24)
	at test.LoginPage2.login2(LoginPage2.java:19)
... Removed 25 stack frames]]>
    </failure>
  </testcase> <!-- login2 -->
  <testcase name="login3" time="0.026" classname="test.LoginPage3">
    <failure type="java.lang.NullPointerException">
      <![CDATA[java.lang.NullPointerException
	at model.PageModel3.getcompany(PageModel3.java:23)
	at Page.ZohoHome3.setcompany(ZohoHome3.java:28)
	at test.LoginPage3.login3(LoginPage3.java:22)
... Removed 25 stack frames]]>
    </failure>
  </testcase> <!-- login3 -->
  <testcase name="test" time="0.007" classname="test.LoginPage4">
    <failure type="java.lang.NullPointerException">
      <![CDATA[java.lang.NullPointerException
	at model.PageModel4.getnew(PageModel4.java:28)
	at Page.ZohoHome4.setnew(ZohoHome4.java:25)
	at test.LoginPage4.test(LoginPage4.java:18)
... Removed 25 stack frames]]>
    </failure>
  </testcase> <!-- test -->
  <testcase name="login" time="0.002" classname="test.LoginPage">
    <failure type="java.lang.NullPointerException">
      <![CDATA[java.lang.NullPointerException
	at org.openqa.selenium.interactions.Actions.<init>(Actions.java:44)
	at model.PageModel.getlogin(PageModel.java:16)
	at Page.ZohoHome.setlogin(ZohoHome.java:17)
	at test.LoginPage.login(LoginPage.java:19)
... Removed 25 stack frames]]>
    </failure>
  </testcase> <!-- login -->
  <testcase name="login1" time="0.002" classname="test.LoginPage1">
    <failure type="java.lang.NullPointerException">
      <![CDATA[java.lang.NullPointerException
	at model.PageModel1.getemail(PageModel1.java:14)
	at Page.ZohoHome1.setemail(ZohoHome1.java:15)
	at test.LoginPage1.login1(LoginPage1.java:23)
... Removed 25 stack frames]]>
    </failure>
  </testcase> <!-- login1 -->
  <testcase name="login2" time="0.001" classname="test.LoginPage2">
    <failure type="java.lang.NullPointerException">
      <![CDATA[java.lang.NullPointerException
	at model.PageModel2.getcrm(PageModel2.java:25)
	at Page.ZohoHome2.setcrm(ZohoHome2.java:24)
	at test.LoginPage2.login2(LoginPage2.java:19)
... Removed 25 stack frames]]>
    </failure>
  </testcase> <!-- login2 -->
  <testcase name="login3" time="0.002" classname="test.LoginPage3">
    <failure type="java.lang.NullPointerException">
      <![CDATA[java.lang.NullPointerException
	at model.PageModel3.getcompany(PageModel3.java:23)
	at Page.ZohoHome3.setcompany(ZohoHome3.java:28)
	at test.LoginPage3.login3(LoginPage3.java:22)
... Removed 25 stack frames]]>
    </failure>
  </testcase> <!-- login3 -->
  <testcase name="login" time="0.001" classname="test.LoginPage">
    <failure type="java.lang.NullPointerException">
      <![CDATA[java.lang.NullPointerException
	at org.openqa.selenium.interactions.Actions.<init>(Actions.java:44)
	at model.PageModel.getlogin(PageModel.java:16)
	at Page.ZohoHome.setlogin(ZohoHome.java:17)
	at test.LoginPage.login(LoginPage.java:19)
... Removed 25 stack frames]]>
    </failure>
  </testcase> <!-- login -->
  <testcase name="login1" time="0.002" classname="test.LoginPage1">
    <failure type="java.lang.NullPointerException">
      <![CDATA[java.lang.NullPointerException
	at model.PageModel1.getemail(PageModel1.java:14)
	at Page.ZohoHome1.setemail(ZohoHome1.java:15)
	at test.LoginPage1.login1(LoginPage1.java:23)
... Removed 25 stack frames]]>
    </failure>
  </testcase> <!-- login1 -->
  <testcase name="login2" time="0.003" classname="test.LoginPage2">
    <failure type="java.lang.NullPointerException">
      <![CDATA[java.lang.NullPointerException
	at model.PageModel2.getcrm(PageModel2.java:25)
	at Page.ZohoHome2.setcrm(ZohoHome2.java:24)
	at test.LoginPage2.login2(LoginPage2.java:19)
... Removed 25 stack frames]]>
    </failure>
  </testcase> <!-- login2 -->
  <testcase name="login" time="0.002" classname="test.LoginPage">
    <failure type="java.lang.NullPointerException">
      <![CDATA[java.lang.NullPointerException
	at org.openqa.selenium.interactions.Actions.<init>(Actions.java:44)
	at model.PageModel.getlogin(PageModel.java:16)
	at Page.ZohoHome.setlogin(ZohoHome.java:17)
	at test.LoginPage.login(LoginPage.java:19)
... Removed 25 stack frames]]>
    </failure>
  </testcase> <!-- login -->
  <testcase name="login1" time="0.005" classname="test.LoginPage1">
    <failure type="java.lang.NullPointerException">
      <![CDATA[java.lang.NullPointerException
	at model.PageModel1.getemail(PageModel1.java:14)
	at Page.ZohoHome1.setemail(ZohoHome1.java:15)
	at test.LoginPage1.login1(LoginPage1.java:23)
... Removed 25 stack frames]]>
    </failure>
  </testcase> <!-- login1 -->
  <testcase name="@AfterSuite n" time="0.0" classname="test.TestBase">
    <ignored/>
  </testcase> <!-- @AfterSuite n -->
  <testcase name="@AfterSuite n" time="0.0" classname="test.TestBase">
    <ignored/>
  </testcase> <!-- @AfterSuite n -->
  <testcase name="@AfterSuite n" time="0.0" classname="test.TestBase">
    <ignored/>
  </testcase> <!-- @AfterSuite n -->
  <testcase name="@AfterSuite n" time="0.0" classname="test.TestBase">
    <ignored/>
  </testcase> <!-- @AfterSuite n -->
  <testcase name="@AfterSuite n" time="0.0" classname="test.TestBase">
    <ignored/>
  </testcase> <!-- @AfterSuite n -->
  <testcase name="@AfterSuite n" time="0.0" classname="test.TestBase">
    <ignored/>
  </testcase> <!-- @AfterSuite n -->
  <testcase name="@AfterSuite n" time="0.0" classname="test.TestBase">
    <ignored/>
  </testcase> <!-- @AfterSuite n -->
  <testcase name="@AfterSuite n" time="0.0" classname="test.TestBase">
    <ignored/>
  </testcase> <!-- @AfterSuite n -->
  <testcase name="@BeforeSuite m" time="0.0" classname="test.TestBase">
    <ignored/>
  </testcase> <!-- @BeforeSuite m -->
  <testcase name="@BeforeSuite m" time="0.0" classname="test.TestBase">
    <ignored/>
  </testcase> <!-- @BeforeSuite m -->
  <testcase name="@BeforeSuite m" time="0.0" classname="test.TestBase">
    <ignored/>
  </testcase> <!-- @BeforeSuite m -->
  <testcase name="@BeforeSuite m" time="0.0" classname="test.TestBase">
    <ignored/>
  </testcase> <!-- @BeforeSuite m -->
  <testcase name="@BeforeSuite m" time="0.0" classname="test.TestBase">
    <ignored/>
  </testcase> <!-- @BeforeSuite m -->
  <testcase name="@BeforeSuite m" time="0.0" classname="test.TestBase">
    <ignored/>
  </testcase> <!-- @BeforeSuite m -->
  <testcase name="@BeforeSuite m" time="0.0" classname="test.TestBase">
    <ignored/>
  </testcase> <!-- @BeforeSuite m -->
  <testcase name="@BeforeSuite m" time="0.0" classname="test.TestBase">
    <ignored/>
  </testcase> <!-- @BeforeSuite m -->
</testsuite> <!-- Test -->
